Jul-09 13:54:39.468 [main] INFO  com.askimed.nf.test.App - nf-test 0.9.0
Jul-09 13:54:39.483 [main] INFO  com.askimed.nf.test.App - Arguments: [test]
Jul-09 13:54:40.310 [main] INFO  com.askimed.nf.test.App - Nextflow Version: 24.04.4
Jul-09 13:54:40.311 [main] INFO  com.askimed.nf.test.commands.RunTestsCommand - Load config from file /home/ssutcliffe/02_pipelinetesting/iridanextexample2/nf-test.config...
Jul-09 13:54:41.553 [main] WARN  com.askimed.nf.test.nextflow.NextflowScript - Module /home/ssutcliffe/02_pipelinetesting/iridanextexample2/main.nf: Dependency '/home/ssutcliffe/02_pipelinetesting/iridanextexample2/./subworkflows/local/utils_nfcore_iridanextexample2_pipeline.nf' not found.
Jul-09 13:54:41.553 [main] WARN  com.askimed.nf.test.nextflow.NextflowScript - Module /home/ssutcliffe/02_pipelinetesting/iridanextexample2/main.nf: Dependency '/home/ssutcliffe/02_pipelinetesting/iridanextexample2/./subworkflows/local/utils_nfcore_iridanextexample2_pipeline.nf' not found.
Jul-09 13:54:41.554 [main] WARN  com.askimed.nf.test.nextflow.NextflowScript - Module /home/ssutcliffe/02_pipelinetesting/iridanextexample2/main.nf: Dependency '/home/ssutcliffe/02_pipelinetesting/iridanextexample2/./subworkflows/local/utils_nfcore_iridanextexample2_pipeline.nf' not found.
Jul-09 13:54:41.567 [main] WARN  com.askimed.nf.test.nextflow.NextflowScript - Module /home/ssutcliffe/02_pipelinetesting/iridanextexample2/workflows/iridanextexample2.nf: Dependency '/home/ssutcliffe/02_pipelinetesting/iridanextexample2/workflows/../subworkflows/local/utils_nfcore_iridanextexample2_pipeline.nf' not found.
Jul-09 13:54:41.568 [main] INFO  com.askimed.nf.test.lang.dependencies.DependencyResolver - Loaded 9 files from directory /home/ssutcliffe/02_pipelinetesting/iridanextexample2 in 0.02 sec
Jul-09 13:54:41.569 [main] INFO  com.askimed.nf.test.lang.dependencies.DependencyResolver - Found 1 tests.
Jul-09 13:54:41.569 [main] DEBUG com.askimed.nf.test.lang.dependencies.DependencyResolver - Found tests: [/home/ssutcliffe/02_pipelinetesting/iridanextexample2/tests/default.nf.test]
Jul-09 13:54:41.569 [main] INFO  com.askimed.nf.test.commands.RunTestsCommand - Detected 1 test files.
Jul-09 13:54:41.703 [main] INFO  com.askimed.nf.test.core.TestExecutionEngine - Started test plan
Jul-09 13:54:41.704 [main] INFO  com.askimed.nf.test.core.TestExecutionEngine - Running testsuite 'Test pipeline' from file '/home/ssutcliffe/02_pipelinetesting/iridanextexample2/tests/default.nf.test'.
Jul-09 13:54:41.704 [main] INFO  com.askimed.nf.test.core.TestExecutionEngine - Run test '38e45065: -profile test'. type: com.askimed.nf.test.lang.pipeline.PipelineTest
Jul-09 13:54:45.208 [main] INFO  com.askimed.nf.test.core.TestExecutionEngine - Test '38e45065: -profile test' finished. status: FAILED
org.codehaus.groovy.runtime.powerassert.PowerAssertionError: 2 of 2 assertions failed
	at com.askimed.nf.test.lang.extensions.GlobalMethods.assertAll(GlobalMethods.java:48)
	at java.base/jdk.internal.reflect.DirectMethodHandleAccessor.invoke(DirectMethodHandleAccessor.java:103)
	at java.base/java.lang.reflect.Method.invoke(Method.java:580)
	at org.codehaus.groovy.reflection.CachedMethod.invoke(CachedMethod.java:107)
	at groovy.lang.MetaMethod.doMethodInvoke(MetaMethod.java:323)
	at org.codehaus.groovy.runtime.callsite.StaticMetaMethodSite.invoke(StaticMetaMethodSite.java:44)
	at org.codehaus.groovy.runtime.callsite.StaticMetaMethodSite.callStatic(StaticMetaMethodSite.java:100)
	at org.codehaus.groovy.runtime.callsite.CallSiteArray.defaultCallStatic(CallSiteArray.java:55)
	at org.codehaus.groovy.runtime.callsite.AbstractCallSite.callStatic(AbstractCallSite.java:217)
	at org.codehaus.groovy.runtime.callsite.AbstractCallSite.callStatic(AbstractCallSite.java:240)
	at default_nf$_run_closure1$_closure2$_closure4.doCall(default.nf.test:20)
	at default_nf$_run_closure1$_closure2$_closure4.doCall(default.nf.test)
	at java.base/jdk.internal.reflect.DirectMethodHandleAccessor.invoke(DirectMethodHandleAccessor.java:103)
	at java.base/java.lang.reflect.Method.invoke(Method.java:580)
	at org.codehaus.groovy.reflection.CachedMethod.invoke(CachedMethod.java:107)
	at groovy.lang.MetaMethod.doMethodInvoke(MetaMethod.java:323)
	at org.codehaus.groovy.runtime.metaclass.ClosureMetaClass.invokeMethod(ClosureMetaClass.java:274)
	at groovy.lang.MetaClassImpl.invokeMethod(MetaClassImpl.java:1030)
	at groovy.lang.Closure.call(Closure.java:427)
	at groovy.lang.Closure.call(Closure.java:406)
	at com.askimed.nf.test.lang.TestCode.execute(TestCode.java:16)
	at com.askimed.nf.test.lang.pipeline.PipelineTest.execute(PipelineTest.java:135)
	at com.askimed.nf.test.core.TestExecutionEngine.execute(TestExecutionEngine.java:165)
	at com.askimed.nf.test.commands.RunTestsCommand.execute(RunTestsCommand.java:299)
	at com.askimed.nf.test.commands.AbstractCommand.call(AbstractCommand.java:43)
	at com.askimed.nf.test.commands.AbstractCommand.call(AbstractCommand.java:18)
	at picocli.CommandLine.executeUserObject(CommandLine.java:1953)
	at picocli.CommandLine.access$1300(CommandLine.java:145)
	at picocli.CommandLine$RunLast.executeUserObjectOfLastSubcommandWithSameParent(CommandLine.java:2352)
	at picocli.CommandLine$RunLast.handle(CommandLine.java:2346)
	at picocli.CommandLine$RunLast.handle(CommandLine.java:2311)
	at picocli.CommandLine$AbstractParseResultHandler.execute(CommandLine.java:2179)
	at picocli.CommandLine.execute(CommandLine.java:2078)
	at com.askimed.nf.test.App.run(App.java:39)
	at com.askimed.nf.test.App.main(App.java:46)
Jul-09 13:54:45.210 [main] INFO  com.askimed.nf.test.core.TestExecutionEngine - Testsuite 'Test pipeline' finished. snapshot file: false, skipped tests: false, failed tests: true
Jul-09 13:54:45.210 [main] INFO  com.askimed.nf.test.core.TestExecutionEngine - Executed 1 tests. 1 tests failed. Done!
